<?xml version="1.0" encoding="UTF-8"?>
<!-- Generated by org.testng.reporters.JUnitXMLReporter -->
<testsuite hostname="xyz-PC" ignored="0" name="Test" tests="5" failures="0" timestamp="16 Apr 2020 04:21:17 GMT" time="10.174" errors="0">
  <testcase name="getAllVideoGames" time="5.038" classname="testCases.TC_VideoGameAPI"/>
  <testcase name="test_addNewVideoGame" time="1.117" classname="testCases.TC_VideoGameAPI"/>
  <testcase name="test_getVideoGame" time="0.12" classname="testCases.TC_VideoGameAPI"/>
  <testcase name="test_UpdateVideoGame" time="0.793" classname="testCases.TC_VideoGameAPI"/>
  <testcase name="test_DeleteVideoGame" time="3.03" classname="testCases.TC_VideoGameAPI"/>
</testsuite> <!-- Test -->
