<?xml version="1.0" encoding="UTF-8"?>
<testng-results skipped="0" failed="0" ignored="0" total="5" passed="5">
  <reporter-output>
  </reporter-output>
  <suite name="Suite" duration-ms="10174" started-at="2020-04-16T04:21:06Z" finished-at="2020-04-16T04:21:17Z">
    <groups>
    </groups>
    <test name="Test" duration-ms="10174" started-at="2020-04-16T04:21:06Z" finished-at="2020-04-16T04:21:17Z">
      <class name="testCases.TC_VideoGameAPI">
        <test-method status="PASS" signature="getAllVideoGames()[pri:1, instance:testCases.TC_VideoGameAPI@194a1b5]" name="getAllVideoGames" duration-ms="5038" started-at="2020-04-16T04:21:07Z" finished-at="2020-04-16T04:21:12Z">
          <reporter-output>
          </reporter-output>
        </test-method> <!-- getAllVideoGames -->
        <test-method status="PASS" signature="test_addNewVideoGame()[pri:2, instance:testCases.TC_VideoGameAPI@194a1b5]" name="test_addNewVideoGame" duration-ms="1117" started-at="2020-04-16T04:21:12Z" finished-at="2020-04-16T04:21:13Z">
          <reporter-output>
          </reporter-output>
        </test-method> <!-- test_addNewVideoGame -->
        <test-method status="PASS" signature="test_getVideoGame()[pri:3, instance:testCases.TC_VideoGameAPI@194a1b5]" name="test_getVideoGame" duration-ms="120" started-at="2020-04-16T04:21:13Z" finished-at="2020-04-16T04:21:13Z">
          <reporter-output>
          </reporter-output>
        </test-method> <!-- test_getVideoGame -->
        <test-method status="PASS" signature="test_UpdateVideoGame()[pri:4, instance:testCases.TC_VideoGameAPI@194a1b5]" name="test_UpdateVideoGame" duration-ms="793" started-at="2020-04-16T04:21:13Z" finished-at="2020-04-16T04:21:14Z">
          <reporter-output>
          </reporter-output>
        </test-method> <!-- test_UpdateVideoGame -->
        <test-method status="PASS" signature="test_DeleteVideoGame()[pri:5, instance:testCases.TC_VideoGameAPI@194a1b5]" name="test_DeleteVideoGame" duration-ms="3030" started-at="2020-04-16T04:21:14Z" finished-at="2020-04-16T04:21:17Z">
          <reporter-output>
          </reporter-output>
        </test-method> <!-- test_DeleteVideoGame -->
      </class> <!-- testCases.TC_VideoGameAPI -->
    </test> <!-- Test -->
  </suite> <!-- Suite -->
</testng-results>
